<?xml version="1.0" encoding="UTF-8"?>
<!-- Generated by org.testng.reporters.JUnitReportReporter -->
<testsuite hostname="DESKTOP-PD1IOCD" failures="0" tests="1" name="leads_Module.ToCreateLeadTest" time="31.529" errors="0" timestamp="2023-10-29T11:41:39 IST" skipped="0">
  <testcase classname="leads_Module.ToCreateLeadTest" name="toCreateALeadAndToVerifyTheLeadInformationTest" time="31.529"/>
</testsuite> <!-- leads_Module.ToCreateLeadTest -->
