<?xml version="1.0" encoding="UTF-8"?>
<!-- Generated by org.testng.reporters.JUnitReportReporter -->
<testsuite hostname="DESKTOP-PD1IOCD" failures="0" tests="1" name="product_Module.ToCreateAProductTest" time="17.590" errors="0" timestamp="2023-10-29T11:41:39 IST" skipped="0">
  <testcase classname="product_Module.ToCreateAProductTest" name="toCreateAProductWithVendorInformationTest" time="17.590"/>
</testsuite> <!-- product_Module.ToCreateAProductTest -->
