<?xml version="1.0" encoding="UTF-8"?>
<!-- Generated by org.testng.reporters.JUnitReportReporter -->
<testsuite hostname="TYSS-Akash-Deb" failures="0" tests="1" name="opportunity_Module.ToCreateAnOpportunity" time="8.957" errors="0" timestamp="2023-10-20T14:51:52 IST" skipped="0">
  <testcase classname="opportunity_Module.ToCreateAnOpportunity" name="createOpportunity" time="8.957"/>
</testsuite> <!-- opportunity_Module.ToCreateAnOpportunity -->
